d0e4 0 0
in function
d0e4 0 0
['d0e4', '1', '0']
0
['d0e4', '2', '22']
update temperature
d170 0 0
in function
d170 0 0
['d170', '3', '0']
0
['d170', '4', '0']
update temperature
d2aa 0 0
in function
d2aa 0 0
['d2aa', '5', '0']
0
['d2aa', '6', '0']
update temperature
d1fd 0 0
in function
d1fd 0 0
['d1fd', '23', '0']
0
['d1fd', '24', '0']
update temperature
d0fd 0 0
in function
d0fd 0 0
['d0fd', '41', '0']
0
['d0fd', '42', '0']
update temperature
d1e1 0 0
in function
d1e1 0 0
['d1e1', '53', '0']
0
['d1e1', '54', '0']
update temperature
cba9 0 0
in function
cba9 0 0
['cba9', '59', '0']
0
['cba9', '60', '0']
update temperature
d176 0 0
in function
d176 0 0
['d176', '89', '0']
0
['d176', '90', '0']
update temperature
d18a 0 0
in function
d18a 0 0
['d18a', '101', '0']
0
['d18a', '102', '0']
update temperature
cace 0 0
in function
cace 0 0
['cace', '123', '0']
0
['cace', '124', '0']
update temperature
c8ce 0 0
in function
c8ce 0 0
['c8ce', '125', '0']
0
['c8ce', '126', '0']
update temperature
d127 0 0
in function
d127 0 0
['d127', '145', '0']
0
['d127', '146', '0']
update temperature
d2bb 0 0
in function
d2bb 0 0
['d2bb', '147', '0']
0
['d2bb', '148', '0']
update temperature
d21a 0 0
in function
d21a 0 0
['d21a', '149', '0']
0
['d21a', '150', '0']
update temperature
d1f9 0 0
in function
d1f9 0 0
['d1f9', '155', '0']
0
['d1f9', '156', '0']
update temperature
cd78 0 0
in function
cd78 0 0
['cd78', '157', '0']
0
['cd78', '158', '0']
update temperature
d13d 0 0
in function
d13d 0 0
['d13d', '167', '0']
0
['d13d', '168', '0']
update temperature
d1f7 0 0
in function
d1f7 0 0
['d1f7', '195', '0']
0
['d1f7', '196', '0']
update temperature
d1f8 0 0
in function
d1f8 0 0
['d1f8', '197', '0']
0
['d1f8', '198', '0']
update temperature
c6e4 0 0
in function
c6e4 0 0
['c6e4', '211', '0']
0
['c6e4', '212', '0']
update temperature
d115 0 0
in function
d115 0 0
['d115', '257', '0']
0
['d115', '258', '0']
update temperature
cbdd 0 0
in function
cbdd 0 0
['cbdd', '237', '0']
0
['cbdd', '238', '0']
update temperature
d183 0 0
in function
d183 0 0
['d183', '221', '0']
0
['d183', '222', '0']
update temperature
d229 0 0
in function
d229 0 0
['d229', '287', '0']
0
['d229', '288', '0']
update temperature
cd38 0 0
in function
cd38 0 0
['cd38', '289', '0']
0
['cd38', '290', '0']
update temperature
d102 0 0
in function
d102 0 0
['d102', '265', '0']
0
['d102', '266', '0']
update temperature
d107 0 0
in function
d107 0 0
['d107', '271', '0']
0
['d107', '272', '0']
update temperature
ca06 0 0
in function
ca06 0 0
['ca06', '275', '0']
0
['ca06', '276', '0']
update temperature
d13c 0 0
in function
d13c 0 0
['d13c', '279', '0']
0
['d13c', '280', '0']
update temperature
c6a6 0 0
in function
c6a6 0 0
['c6a6', '281', '0']
0
['c6a6', '282', '0']
update temperature
d1c0 0 0
in function
d1c0 0 0
['d1c0', '283', '0']
0
['d1c0', '284', '0']
update temperature
d190 0 0
in function
d190 0 0
['d190', '285', '0']
0
['d190', '286', '0']
update temperature
d1cc 0 0
in function
d1cc 0 0
['d1cc', '277', '0']
0
['d1cc', '278', '0']
update temperature
d1ce 0 0
in function
d1ce 0 0
['d1ce', '293', '0']
0
['d1ce', '294', '0']
update temperature
c6d3 1 23.9616235599
in function
c6d3 1 23.9616235599
['c6d3', '7', '1']
1
['c6d3', '8', '23']
update temperature
c776 0 0
in function
c776 0 0
['c776', '9', '0']
0
['c776', '10', '24']
update temperature
c669 0 0
in function
c669 0 0
['c669', '13', '0']
0
['c669', '14', '24']
update temperature
d1ef 0 0
in function
d1ef 0 0
['d1ef', '11', '0']
0
['d1ef', '12', '23']
update temperature
cd85 2 24.3621728847
in function
cd85 2 24.3621728847
['cd85', '15', '2']
2
['cd85', '16', '24']
update temperature
d20d 1 23.7426565957
in function
d20d 1 23.7426565957
['d20d', '17', '1']
1
['d20d', '18', '23']
update temperature
c840 6 25.1045243
in function
c840 6 25.1045243
['c840', '19', '6']
6
['c840', '20', '25']
update temperature
cfd0 1 24.1271839475
in function
cfd0 1 24.1271839475
cfe7 2 25.8602273594
in function
cfe7 2 25.8602273594
['cfe7', '25', '2']
2
['cfe7', '26', '25']
update temperature
d0d0 1 24.9122606241
in function
d0d0 1 24.9122606241
['d0d0', '27', '1']
1
['d0d0', '28', '24']
update temperature
d22f 0 0
in function
d22f 0 0
['d22f', '29', '0']
0
['d22f', '30', '21']
update temperature
c680 1 24.2607003891
in function
c680 1 24.2607003891
['c680', '45', '1']
1
['c680', '46', '24']
update temperature
d244 0 0
in function
d244 0 0
['d244', '35', '0']
0
['d244', '36', '20']
update temperature
d006 0 0
in function
d006 0 0
['d006', '33', '0']
0
['d006', '34', '20']
update temperature
d21e 0 0
in function
d21e 0 0
['d21e', '31', '0']
0
['d21e', '32', '19']
update temperature
c9f0 0 0
in function
c9f0 0 0
['c9f0', '37', '0']
0
['c9f0', '38', '0']
update temperature
c774 0 0
in function
c774 0 0
['c774', '39', '0']
0
['c774', '40', '22']
update temperature
c9cc 0 0
in function
c9cc 0 0
['c9cc', '43', '0']
0
['c9cc', '44', '23']
update temperature
cb79 0 0
in function
cb79 0 0
['cb79', '51', '0']
0
['cb79', '52', '21']
update temperature
d25e 2 24.5651178759
in function
d25e 2 24.5651178759
['d25e', '49', '2']
2
['d25e', '50', '24']
update temperature
cfea 0 0
in function
cfea 0 0
['cfea', '47', '0']
0
['cfea', '48', '0']
update temperature
cdd4 1 23.3073929961
in function
cdd4 1 23.3073929961
['cdd4', '57', '1']
1
['cdd4', '58', '23']
update temperature
cd15 0 0
in function
cd15 0 0
['cd15', '55', '0']
0
['cd15', '56', '22']
update temperature
d226 0 0
in function
d226 0 0
['d226', '63', '0']
0
['d226', '64', '22']
update temperature
c860 0 0
in function
c860 0 0
['c860', '61', '0']
0
['c860', '62', '20']
update temperature
d10d 0 0
in function
d10d 0 0
['d10d', '77', '0']
0
['d10d', '78', '20']
update temperature
cff6 0 0
in function
cff6 0 0
['cff6', '65', '0']
0
['cff6', '66', '20']
update temperature
d276 0 0
in function
d276 0 0
['d276', '67', '0']
0
['d276', '68', '19']
update temperature
d180 0 0
in function
d180 0 0
['d180', '69', '0']
0
['d180', '70', '19']
update temperature
d19c 0 0
in function
d19c 0 0
['d19c', '151', '0']
0
['d19c', '152', '20']
update temperature
d046 0 0
in function
d046 0 0
['d046', '75', '0']
0
['d046', '76', '19']
update temperature
c6d5 0 0
in function
c6d5 0 0
['c6d5', '73', '0']
0
['c6d5', '74', '23']
update temperature
c822 0 0
in function
c822 0 0
['c822', '71', '0']
0
['c822', '72', '0']
update temperature
cba0 0 0
in function
cba0 0 0
['cba0', '153', '0']
0
['cba0', '154', '0']
update temperature
cde0 0 0
in function
cde0 0 0
['cde0', '83', '1']
0
['cde0', '84', '23']
update temperature
d225 5 23.5049973297
in function
d225 5 23.5049973297
['d225', '85', '0']
5
['d225', '86', '23']
update temperature
cfd6 0 0
in function
cfd6 0 0
['cfd6', '87', '0']
0
['cfd6', '88', '21']
update temperature
d294 0 0
in function
d294 0 0
['d294', '81', '0']
0
['d294', '82', '22']
update temperature
cd02 0 0
in function
cd02 0 0
['cd02', '79', '0']
0
['cd02', '80', '22']
update temperature
c6af 0 0
in function
c6af 0 0
['c6af', '91', '0']
0
['c6af', '92', '22']
update temperature
c9fd 0 0
in function
c9fd 0 0
['c9fd', '93', '0']
0
['c9fd', '94', '0']
update temperature
d231 0 0
in function
d231 0 0
['d231', '95', '0']
0
['d231', '96', '0']
update temperature
d1da 0 0
in function
d1da 0 0
['d1da', '97', '1']
0
['d1da', '98', '22']
update temperature
cacc 0 0
in function
cacc 0 0
['cacc', '99', '0']
0
['cacc', '100', '20']
update temperature
d202 0 0
in function
d202 0 0
['d202', '103', '2']
0
['d202', '104', '24']
update temperature
c6c0 0 0
in function
c6c0 0 0
['c6c0', '105', '0']
0
['c6c0', '106', '0']
update temperature
d0eb 0 0
in function
d0eb 0 0
['d0eb', '107', '1']
0
['d0eb', '108', '24']
update temperature
d22c 0 0
in function
d22c 0 0
['d22c', '109', '0']
0
['d22c', '110', '0']
update temperature
caf8 0 0
in function
caf8 0 0
['caf8', '111', '0']
0
['caf8', '112', '0']
update temperature
d06f 0 0
in function
d06f 0 0
['d06f', '113', '0']
0
['d06f', '114', '0']
update temperature
cccc 0 0
in function
cccc 0 0
['cccc', '115', '0']
0
['cccc', '116', '0']
update temperature
c80c 0 0
in function
c80c 0 0
['c80c', '117', '0']
0
['c80c', '118', '0']
update temperature
ca14 0 0
in function
ca14 0 0
['ca14', '119', '0']
0
['ca14', '120', '0']
update temperature
cae5 0 0
in function
cae5 0 0
['cae5', '121', '0']
0
['cae5', '122', '0']
update temperature
cbd6 0 0
in function
cbd6 0 0
['cbd6', '127', '0']
0
['cbd6', '128', '0']
update temperature
d23e 0 0
in function
d23e 0 0
['d23e', '129', '0']
0
['d23e', '130', '22']
update temperature
d0f8 0 0
in function
d0f8 0 0
['d0f8', '131', '0']
0
['d0f8', '132', '23']
update temperature
cdab 0 0
in function
cdab 0 0
['cdab', '133', '2']
0
['cdab', '134', '24']
update temperature
c6e1 2 26.121919585
in function
c6e1 2 26.121919585
['c6e1', '135', '11']
2
['c6e1', '136', '26']
update temperature
c6ab 0 0
in function
c6ab 0 0
['c6ab', '137', '0']
0
['c6ab', '138', '21']
update temperature
cfd4 0 0
in function
cfd4 0 0
['cfd4', '139', '0']
0
['cfd4', '140', '24']
update temperature
cab2 0 0
in function
cab2 0 0
['cab2', '141', '0']
0
['cab2', '142', '22']
update temperature
cfdb 0 0
in function
cfdb 0 0
['cfdb', '143', '0']
0
['cfdb', '144', '0']
update temperature
d271 0 0
in function
d271 0 0
['d271', '159', '0']
0
['d271', '160', '0']
update temperature
d15c 0 0
in function
d15c 0 0
['d15c', '161', '0']
0
['d15c', '162', '0']
update temperature
c6c2 0 0
in function
c6c2 0 0
['c6c2', '163', '0']
0
['c6c2', '164', '0']
update temperature
d165 0 0
in function
d165 0 0
['d165', '165', '0']
0
['d165', '166', '0']
update temperature
d173 0 0
in function
d173 0 0
['d173', '169', '0']
0
['d173', '170', '0']
update temperature
c8be 0 0
in function
c8be 0 0
['c8be', '171', '0']
0
['c8be', '172', '0']
update temperature
d070 0 0
in function
d070 0 0
['d070', '173', '0']
0
['d070', '174', '0']
update temperature
d00c 0 0
in function
d00c 0 0
['d00c', '175', '0']
0
['d00c', '176', '0']
update temperature
cdd5 0 0
in function
cdd5 0 0
['cdd5', '177', '0']
0
['cdd5', '178', '0']
update temperature
c800 0 0
in function
c800 0 0
['c800', '179', '0']
0
['c800', '180', '0']
update temperature
c89b 0 0
in function
c89b 0 0
['c89b', '181', '0']
0
['c89b', '182', '0']
update temperature
cde3 0 0
in function
cde3 0 0
['cde3', '183', '0']
0
['cde3', '184', '0']
update temperature
d2d7 0 0
in function
d2d7 0 0
['d2d7', '185', '0']
0
['d2d7', '186', '0']
update temperature
d293 0 0
in function
d293 0 0
['d293', '187', '0']
0
['d293', '188', '0']
update temperature
c6d4 0 0
in function
c6d4 0 0
['c6d4', '189', '0']
0
['c6d4', '190', '0']
update temperature
c9f3 0 0
in function
c9f3 0 0
['c9f3', '191', '0']
0
['c9f3', '192', '0']
update temperature
d266 0 0
in function
d266 0 0
['d266', '193', '0']
0
['d266', '194', '0']
update temperature
cb7f 0 0
in function
cb7f 0 0
['cb7f', '199', '0']
0
['cb7f', '200', '0']
update temperature
c9ef 0 0
in function
c9ef 0 0
['c9ef', '201', '0']
0
['c9ef', '202', '0']
update temperature
cdba 0 0
in function
cdba 0 0
['cdba', '203', '0']
0
['cdba', '204', '0']
update temperature
d25c 0 0
in function
d25c 0 0
['d25c', '205', '0']
0
['d25c', '206', '0']
update temperature
c6b8 0 0
in function
c6b8 0 0
['c6b8', '207', '0']
0
['c6b8', '208', '0']
update temperature
cfa0 0 0
in function
cfa0 0 0
['cfa0', '209', '0']
0
['cfa0', '210', '0']
update temperature
cd90 0 0
in function
cd90 0 0
['cd90', '213', '0']
0
['cd90', '214', '0']
update temperature
cd3f 0 0
in function
cd3f 0 0
['cd3f', '215', '0']
0
['cd3f', '216', '0']
update temperature
c7f4 0 0
in function
c7f4 0 0
['c7f4', '217', '0']
0
['c7f4', '218', '0']
update temperature
c735 13 23.0083161669
in function
c735 13 23.0083161669
['c735', '225', '13']
13
['c735', '226', '23']
update temperature
ccfb 12 23.7747005417
in function
ccfb 12 23.7747005417
['ccfb', '227', '12']
12
['ccfb', '228', '23']
update temperature
cab9 26 23.2219424735
in function
cab9 26 23.2219424735
['cab9', '229', '26']
26
['cab9', '230', '23']
update temperature
c8bb 0 0
in function
c8bb 0 0
['c8bb', '231', '0']
0
['c8bb', '232', '23']
update temperature
ccd2 10 21.6651407645
in function
ccd2 10 21.6651407645
['ccd2', '233', '10']
10
['ccd2', '234', '21']
update temperature
c7a7 0 0
in function
c7a7 0 0
['c7a7', '239', '0']
0
['c7a7', '240', '0']
update temperature
c7e8 0 0
in function
c7e8 0 0
['c7e8', '241', '0']
0
['c7e8', '242', '19']
update temperature
cfd1 0 0
in function
cfd1 0 0
['cfd1', '243', '0']
0
['cfd1', '244', '0']
update temperature
cb9f 0 0
in function
cb9f 0 0
['cb9f', '245', '0']
0
['cb9f', '246', '19']
update temperature
caff 7 21.3820859083
in function
caff 7 21.3820859083
['caff', '247', '7']
7
['caff', '248', '21']
update temperature
cfee 7 22.308690013
in function
cfee 7 22.308690013
['cfee', '249', '7']
7
['cfee', '250', '22']
update temperature
d118 12 23.5049973297
in function
d118 12 23.5049973297
['d118', '251', '12']
12
['d118', '252', '23']
update temperature
c754 0 0
in function
c754 0 0
['c754', '253', '0']
0
['c754', '254', '20']
update temperature
d253 0 0
in function
d253 0 0
['d253', '255', '0']
0
['d253', '256', '22']
update temperature
c672 1 22.8294041352
in function
c672 1 22.8294041352
['c672', '259', '1']
1
['c672', '260', '22']
update temperature
c836 5 21.8013275349
in function
c836 5 21.8013275349
['c836', '261', '5']
5
['c836', '262', '21']
update temperature
d22d 5 22.1698329137
in function
d22d 5 22.1698329137
['d22d', '263', '5']
5
['d22d', '264', '22']
update temperature
cd37 0 0
in function
cd37 0 0
['cd37', '267', '0']
0
['cd37', '268', '23']
update temperature
cb97 3 21.4248111696
in function
cb97 3 21.4248111696
['cb97', '269', '3']
3
['cb97', '270', '21']
update temperature
d240 0 0
in function
d240 0 0
['d240', '295', '0']
0
['d240', '296', '13']
update temperature
c7a4 10 25.2700846876
in function
c7a4 10 25.2700846876
['c7a4', '273', '10']
10
['c7a4', '274', '25']
update temperature
d1a6 0 0
in function
d1a6 0 0
['d1a6', '219', '0']
0
['d1a6', '220', '0']
update temperature
c74d 0 0
in function
c74d 0 0
['c74d', '235', '0']
0
['c74d', '236', '0']
update temperature
d22e 0 0
in function
d22e 0 0
['d22e', '291', '0']
0
['d22e', '292', '0']
update temperature
d238 34 23.6732280461
in function
d238 34 23.6732280461
['d238', '223', '34']
34
['d238', '224', '23']
update temperature
cb79 0 0
in function
cb79 0 0
['cb79', '51', '0']
0
['cb79', '52', '21']
update temperature
d236 0 0
in function
d236 0 0
d2ca 0 0
in function
d2ca 0 0
d220 0 0
in function
d220 0 0
d282 0 0
in function
d282 0 0
d263 0 0
in function
d263 0 0
d234 0 0
in function
d234 0 0
d077 0 0
in function
d077 0 0
d1d2 0 0
in function
d1d2 0 0
d16b 0 0
in function
d16b 0 0
c73d 0 0
in function
c73d 0 0
d0fe 0 0
in function
d0fe 0 0
d233 0 0
in function
d233 0 0
d237 0 0
in function
d237 0 0
d05f 0 0
in function
d05f 0 0
d1af 0 0
in function
d1af 0 0
d0e6 0 0
in function
d0e6 0 0
c765 0 0
in function
c765 0 0
d1a3 0 0
in function
d1a3 0 0
d19e 0 0
in function
d19e 0 0
cab0 0 0
in function
cab0 0 0
ca28 0 0
in function
ca28 0 0
d19b 0 0
in function
d19b 0 0
c802 0 0
in function
c802 0 0
d182 0 0
in function
d182 0 0
d1f4 0 0
in function
d1f4 0 0
d2a0 0 0
in function
d2a0 0 0
d1d0 0 0
in function
d1d0 0 0
d166 0 0
in function
d166 0 0
ccf9 0 0
in function
ccf9 0 0
d05e 0 0
in function
d05e 0 0
d131 0 0
in function
d131 0 0
d198 0 0
in function
d198 0 0
c751 0 0
in function
c751 0 0
d130 0 0
in function
d130 0 0
d120 0 0
in function
d120 0 0
d11b 0 0
in function
d11b 0 0
d1c4 0 0
in function
d1c4 0 0
d2bd 0 0
in function
d2bd 0 0
d140 0 0
in function
d140 0 0
c814 0 0
in function
c814 0 0
d246 0 0
in function
d246 0 0
d16c 2 23.3421072709
in function
d16c 2 23.3421072709
d0f3 2 21.6197451743
in function
d0f3 2 21.6197451743
c77c 0 0
in function
c77c 0 0
d206 2 22.2419317922
in function
d206 2 22.2419317922
d20e 1 21.9802395666
in function
d20e 1 21.9802395666
cd94 1 23.6118104829
in function
cd94 1 23.6118104829
cfa1 1 22.5062943465
in function
cfa1 1 22.5062943465
cb7e 0 0
in function
cb7e 0 0
d200 0 0
in function
d200 0 0
c844 0 0
in function
c844 0 0
cd10 1 23.9002059968
in function
cd10 1 23.9002059968
c81a 0 0
in function
c81a 0 0
cb7b 0 0
in function
cb7b 0 0
d270 0 0
in function
d270 0 0
c9fe 0 0
in function
c9fe 0 0
c8a3 6 22.1377889677
in function
c8a3 6 22.1377889677
cade 1 22.1431296254
in function
cade 1 22.1431296254
c6a3 0 0
in function
c6a3 0 0
ccf6 0 0
in function
ccf6 0 0
c829 4 22.9522392615
in function
c829 4 22.9522392615
c839 0 0
in function
c839 0 0
d10f 0 0
in function
d10f 0 0
c7fd 0 0
in function
c7fd 0 0
ca1b 0 0
in function
ca1b 0 0
d12c 0 0
in function
d12c 0 0
d209 0 0
in function
d209 0 0
ca31 0 0
in function
ca31 0 0
c66d 0 0
in function
c66d 0 0
c877 0 0
in function
c877 0 0
cb92 0 0
in function
cb92 0 0
c7fc 6 21.3099870298
in function
c7fc 6 21.3099870298
d1e7 0 0
in function
d1e7 0 0
d1ba 0 0
in function
d1ba 0 0
c6e2 0 0
in function
c6e2 0 0
c76f 0 0
in function
c76f 0 0
c92b 0 0
in function
c92b 0 0
d1a7 8 19.5101853971
in function
d1a7 8 19.5101853971
cd57 0 0
in function
cd57 0 0
c6fd 0 0
in function
c6fd 0 0
d11c 7 22.1377889677
in function
d11c 7 22.1377889677
cb04 6 20.7705806058
in function
cb04 6 20.7705806058
d11e 4 21.9028000305
in function
d11e 4 21.9028000305
d256 3 20.8587014572
in function
d256 3 20.8587014572
d183 0 0
in function
d183 0 0
['d183', '221', '0']
0
['d183', '222', '0']
update temperature
cdd1 4 19.2538338293
in function
cdd1 4 19.2538338293
caef 0 0
in function
caef 0 0
c6b4 0 0
in function
c6b4 0 0
c6f2 0 0
in function
c6f2 0 0
ca04 0 0
in function
ca04 0 0
c67f 0 0
in function
c67f 0 0
cbab 0 0
in function
cbab 0 0
ca30 0 0
in function
ca30 0 0
cdd7 0 0
in function
cdd7 0 0
cd00 0 0
in function
cd00 0 0
cbb2 2 22.6611734188
in function
cbb2 2 22.6611734188
d1f5 2 21.8039978637
in function
d1f5 2 21.8039978637
d057 1 23.0323491264
in function
d057 1 23.0323491264
c7a9 0 0
in function
c7a9 0 0
c794 0 0
in function
c794 0 0
d1b3 3 23.43556878
in function
d1b3 3 23.43556878
cfe6 4 22.7519645991
in function
cfe6 4 22.7519645991
cfeb 0 0
in function
cfeb 0 0
d067 5 23.8254367895
in function
d067 5 23.8254367895
cdad 0 0
in function
cdad 0 0
c76a 0 0
in function
c76a 0 0
c685 0 0
in function
c685 0 0
cb8b 0 0
in function
cb8b 0 0
9499 0 0
in function
9499 0 0
cac4 0 0
in function
cac4 0 0
c75e 0 0
in function
c75e 0 0
c86b 0 0
in function
c86b 0 0
c7b3 0 0
in function
c7b3 0 0
c7d8 0 0
in function
c7d8 0 0
cd65 0 0
in function
cd65 0 0
ca2f 0 0
in function
ca2f 0 0
cdce 0 0
in function
cdce 0 0
d163 0 0
in function
d163 0 0
cd87 0 0
in function
cd87 0 0
d2a9 0 0
in function
d2a9 0 0
d1d8 0 0
in function
d1d8 0 0
c81b 0 0
in function
c81b 0 0
d264 0 0
in function
d264 0 0
cbcb 0 0
in function
cbcb 0 0
c862 0 0
in function
c862 0 0
cce2 0 0
in function
cce2 0 0
d11a 0 0
in function
d11a 0 0
cabb 0 0
in function
cabb 0 0
d25a 0 0
in function
d25a 0 0
d258 0 0
in function
d258 0 0
cd46 0 0
in function
cd46 0 0
cb72 0 0
in function
cb72 0 0
d15e 0 0
in function
d15e 0 0
c824 0 0
in function
c824 0 0
cdef 0 0
in function
cdef 0 0
c853 0 0
in function
c853 0 0
c880 0 0
in function
c880 0 0
d20b 0 0
in function
d20b 0 0
caa5 0 0
in function
caa5 0 0
c8d0 0 0
in function
c8d0 0 0
c677 0 0
in function
c677 0 0
cbbb 0 0
in function
cbbb 0 0
d0dd 0 0
in function
d0dd 0 0
c7e2 0 0
in function
c7e2 0 0
d0e0 0 0
in function
d0e0 0 0
ca75 0 0
in function
ca75 0 0
c8a4 0 0
in function
c8a4 0 0
cdb3 0 0
in function
cdb3 0 0
c74b 0 0
in function
c74b 0 0
c698 0 0
in function
c698 0 0
cf8a 0 0
in function
cf8a 0 0
c7b0 0 0
in function
c7b0 0 0
d164 0 0
in function
d164 0 0
c75a 0 0
in function
c75a 0 0
d19a 0 0
in function
d19a 0 0
d17a 0 0
in function
d17a 0 0
c88a 0 0
in function
c88a 0 0
cf8b 0 0
in function
cf8b 0 0
d1ae 0 0
in function
d1ae 0 0
d1b7 0 0
in function
d1b7 0 0
d224 0 0
in function
d224 0 0
d249 0 0
in function
d249 0 0
d1fb 0 0
in function
d1fb 0 0
d243 0 0
in function
d243 0 0
d215 0 0
in function
d215 0 0
c7e3 0 0
in function
c7e3 0 0
c82b 0 0
in function
c82b 0 0
c6d2 0 0
in function
c6d2 0 0
cdee 0 0
in function
cdee 0 0
cfb6 0 0
in function
cfb6 0 0
d079 0 0
in function
d079 0 0
cab4 0 0
in function
cab4 0 0
c6a9 0 0
in function
c6a9 0 0
d121 0 0
in function
d121 0 0
c87f 0 0
in function
c87f 0 0
cfc0 0 0
in function
cfc0 0 0
d195 0 0
in function
d195 0 0
d1f6 0 0
in function
d1f6 0 0
d286 0 0
in function
d286 0 0
cd50 0 0
in function
cd50 0 0
c700 0 0
in function
c700 0 0
d113 0 0
in function
d113 0 0
c6eb 0 0
in function
c6eb 0 0
ca07 0 0
in function
ca07 0 0
d1aa 0 0
in function
d1aa 0 0
c863 0 0
in function
c863 0 0
d0f6 0 0
in function
d0f6 0 0
d217 0 0
in function
d217 0 0
c899 0 0
in function
c899 0 0
c7cc 0 0
in function
c7cc 0 0
d1b0 0 0
in function
d1b0 0 0
c78b 0 0
in function
c78b 0 0
c808 0 0
in function
c808 0 0
cdd3 0 0
in function
cdd3 0 0
d111 0 0
in function
d111 0 0
c792 0 0
in function
c792 0 0
d21f 0 0
in function
d21f 0 0
ca26 0 0
in function
ca26 0 0
d222 0 0
in function
d222 0 0
d1a1 0 0
in function
d1a1 0 0
cbcc 0 0
in function
cbcc 0 0
cd16 0 0
in function
cd16 0 0
cdb6 0 0
in function
cdb6 0 0
cd9d 0 0
in function
cd9d 0 0
c896 0 0
in function
c896 0 0
d16f 0 0
in function
d16f 0 0
d24c 0 0
in function
d24c 0 0
c77f 0 0
in function
c77f 0 0
cad1 0 0
in function
cad1 0 0
d250 0 0
in function
d250 0 0
c6e5 0 0
in function
c6e5 0 0
c691 0 0
in function
c691 0 0
c8a8 0 0
in function
c8a8 0 0
c6ce 0 0
in function
c6ce 0 0
cb96 0 0
in function
cb96 0 0
d21d 0 0
in function
d21d 0 0
d1a8 0 0
in function
d1a8 0 0
d261 0 0
in function
d261 0 0
cae9 0 0
in function
cae9 0 0
c750 0 0
in function
c750 0 0
cb75 0 0
in function
cb75 0 0
d1f3 0 0
in function
d1f3 0 0
cd49 0 0
in function
cd49 0 0
c838 0 0
in function
c838 0 0
cd75 0 0
in function
cd75 0 0
cfcb 0 0
in function
cfcb 0 0
c7ae 0 0
in function
c7ae 0 0
ca1a 0 0
in function
ca1a 0 0
cd42 0 0
in function
cd42 0 0
c7aa 0 0
in function
c7aa 0 0
ca02 0 0
in function
ca02 0 0
c752 0 0
in function
c752 0 0
cb36 0 0
in function
cb36 0 0
cd70 0 0
in function
cd70 0 0
cd12 0 0
in function
cd12 0 0
d214 0 0
in function
d214 0 0
c78a 0 0
in function
c78a 0 0
c868 0 0
in function
c868 0 0
d25b 0 0
in function
d25b 0 0
c6c4 0 0
in function
c6c4 0 0
cd0f 0 0
in function
cd0f 0 0
ccdc 0 0
in function
ccdc 0 0
cb85 0 0
in function
cb85 0 0
cb8a 0 0
in function
cb8a 0 0
c737 0 0
in function
c737 0 0
cd3c 0 0
in function
cd3c 0 0
c688 0 0
in function
c688 0 0
cbd8 0 0
in function
cbd8 0 0
d28a 0 0
in function
d28a 0 0
d1e5 0 0
in function
d1e5 0 0
d1f0 0 0
in function
d1f0 0 0
cddb 0 0
in function
cddb 0 0
c6a4 0 0
in function
c6a4 0 0
d0ef 0 0
in function
d0ef 0 0
d1ee 0 0
in function
d1ee 0 0
d1db 0 0
in function
d1db 0 0
cd77 0 0
in function
cd77 0 0
d106 0 0
in function
d106 0 0
c741 0 0
in function
c741 0 0
d257 0 0
in function
d257 0 0
d285 0 0
in function
d285 0 0
c699 0 0
in function
c699 0 0
ccfa 0 0
in function
ccfa 0 0
d068 0 0
in function
d068 0 0
c66b 0 0
in function
c66b 0 0
d240 0 0
in function
d240 0 0
['d240', '295', '0']
0
['d240', '296', '13']
update temperature
c82c 0 0
in function
c82c 0 0
d23b 0 0
in function
d23b 0 0
cfb6 0 0
in function
cfb6 0 0
c7a3 0 0
in function
c7a3 0 0
d24b 0 0
in function
d24b 0 0
d0f1 0 0
in function
d0f1 0 0
c843 0 0
in function
c843 0 0
d211 0 0
in function
d211 0 0
cd7c 0 0
in function
cd7c 0 0
d1e5 0 0
in function
d1e5 0 0
cd95 0 0
in function
cd95 0 0
c8a9 0 0
in function
c8a9 0 0
ca11 0 0
in function
ca11 0 0
d194 0 0
in function
d194 0 0
c84f 0 0
in function
c84f 0 0
d007 0 0
in function
d007 0 0
